%!Adobe-FontList 1.23
%Locale:0x409

%BeginFont
Handler:DirectoryHandler
FontType:Invalid
OutlineFileName:/Users/s.calippe/Creative Cloud Files/2023_Encours/2023_ElectionsCSE/202309_ElectionCSE_Web/9-16/Dossier 202309_ElectionCSE_Web_9-16/Document fonts/AdobeFnt23.lst
FileLength:3646
FileModTime:720445616
%EndFont

%BeginFont
Handler:DirectoryHandler
FontType:Type1
FontName:MinionPro-Regular
FamilyName:Minion Pro
StyleName:Regular
MenuName:Minion Pro
StyleBits:0
WeightClass:400
WidthClass:5
AngleClass:0
FullName:Minion Pro
WritingScript:Roman
OutlineFileName:/Users/s.calippe/Creative Cloud Files/2023_Encours/2023_ElectionsCSE/202309_ElectionCSE_Web/9-16/Dossier 202309_ElectionCSE_Web_9-16/Document fonts/MinionPro-Regular.otf
DataFormat:sfntData
UsesStandardEncoding:yes
isCFF:yes
hasSVG:no
hasCOLR:no
VariableFontType:NonVariableFont
FileLength:204517
FileModTime:404739258
DesignSize:110
NameArray:0,Mac,4,Minion Pro
NameArray:0,Win,1,Minion Pro
%EndFont

%BeginFont
Handler:DirectoryHandler
FontType:TrueType
FontName:Futura-Bold
FamilyName:Futura
StyleName:Bold
MenuName:Futura
StyleBits:2
WeightClass:700
WidthClass:5
AngleClass:0
FullName:Futura Bold
WritingScript:Roman
OutlineFileName:/Users/s.calippe/Creative Cloud Files/2023_Encours/2023_ElectionsCSE/202309_ElectionCSE_Web/9-16/Dossier 202309_ElectionCSE_Web_9-16/Document fonts/Futura.ttc
TTCOffset:612
DataFormat:sfntData
hasSVG:no
hasCOLR:no
VariableFontType:NonVariableFont
FileLength:487620
FileModTime:687789381
NameArray:0,Mac,4,Futura Bold
%EndFont

%BeginFont
Handler:DirectoryHandler
FontType:TrueType
FontName:Futura-CondensedExtraBold
FamilyName:Futura
StyleName:Condensed ExtraBold
MenuName:Futura
StyleBits:2
WeightClass:800
WidthClass:3
AngleClass:0
FullName:Futura Condensed ExtraBold
WritingScript:Roman
OutlineFileName:/Users/s.calippe/Creative Cloud Files/2023_Encours/2023_ElectionsCSE/202309_ElectionCSE_Web/9-16/Dossier 202309_ElectionCSE_Web_9-16/Document fonts/Futura.ttc
TTCOffset:1196
DataFormat:sfntData
hasSVG:no
hasCOLR:no
VariableFontType:NonVariableFont
FileLength:487620
FileModTime:687789381
NameArray:0,Mac,4,Futura Condensed ExtraBold
%EndFont

%BeginFont
Handler:DirectoryHandler
FontType:TrueType
FontName:Futura-CondensedMedium
FamilyName:Futura
StyleName:Condensed Medium
MenuName:Futura
StyleBits:0
WeightClass:500
WidthClass:3
AngleClass:0
FullName:Futura Condensed Medium
WritingScript:Roman
OutlineFileName:/Users/s.calippe/Creative Cloud Files/2023_Encours/2023_ElectionsCSE/202309_ElectionCSE_Web/9-16/Dossier 202309_ElectionCSE_Web_9-16/Document fonts/Futura.ttc
TTCOffset:912
DataFormat:sfntData
hasSVG:no
hasCOLR:no
VariableFontType:NonVariableFont
FileLength:487620
FileModTime:687789381
NameArray:0,Mac,4,Futura Condensed Medium
%EndFont

%BeginFont
Handler:DirectoryHandler
FontType:TrueType
FontName:Futura-Medium
FamilyName:Futura
StyleName:Medium
MenuName:Futura
StyleBits:0
WeightClass:500
WidthClass:5
AngleClass:0
FullName:Futura Medium
WritingScript:Roman
OutlineFileName:/Users/s.calippe/Creative Cloud Files/2023_Encours/2023_ElectionsCSE/202309_ElectionCSE_Web/9-16/Dossier 202309_ElectionCSE_Web_9-16/Document fonts/Futura.ttc
TTCOffset:44
DataFormat:sfntData
hasSVG:no
hasCOLR:no
VariableFontType:NonVariableFont
FileLength:487620
FileModTime:687789381
NameArray:0,Mac,4,Futura Medium
%EndFont

%BeginFont
Handler:DirectoryHandler
FontType:TrueType
FontName:Futura-MediumItalic
FamilyName:Futura
StyleName:Medium Italic
MenuName:Futura
StyleBits:1
WeightClass:500
WidthClass:5
AngleClass:1
FullName:Futura Medium Italic
WritingScript:Roman
OutlineFileName:/Users/s.calippe/Creative Cloud Files/2023_Encours/2023_ElectionsCSE/202309_ElectionCSE_Web/9-16/Dossier 202309_ElectionCSE_Web_9-16/Document fonts/Futura.ttc
TTCOffset:328
DataFormat:sfntData
hasSVG:no
hasCOLR:no
VariableFontType:NonVariableFont
FileLength:487620
FileModTime:687789381
NameArray:0,Mac,4,Futura Medium Italic
%EndFont

