%!Adobe-FontList 1.19
%Locale:0x40c

%BeginFont
Handler:DirectoryHandler
FontType:TrueType
FontName:Montserrat-Black
FamilyName:Montserrat
StyleName:Black
FullName:Montserrat Black
MenuName:Montserrat Black
StyleBits:0
WritingScript:Roman
OutlineFileName:C:\Users\Windows\Desktop\Dossier UGICT 6 BONNES RAISONS 20180807\Document fonts\Montserrat-Black.ttf
DataFormat:sfntData
hasSVG:no
VariableFontType:NonVariableFont
FileLength:275192
FileModTime:1520706113
WeightClass:900
WidthClass:5
AngleClass:0
NameArray:0,Mac,4,Montserrat Black
NameArray:0,Win,1,Montserrat Black
NameArray:0,Win,16,Montserrat
%EndFont

%BeginFont
Handler:DirectoryHandler
FontType:TrueType
FontName:Raleway-Black
FamilyName:Raleway
StyleName:Black
FullName:Raleway Black
MenuName:Raleway Black
StyleBits:0
WritingScript:Roman
OutlineFileName:C:\Users\Windows\Desktop\Dossier UGICT 6 BONNES RAISONS 20180807\Document fonts\Raleway-Black.ttf
DataFormat:sfntData
hasSVG:no
VariableFontType:NonVariableFont
FileLength:180592
FileModTime:1346972400
WeightClass:900
WidthClass:5
AngleClass:0
NameArray:0,Mac,4,Raleway Black
NameArray:0,Win,1,Raleway Black
NameArray:0,Win,16,Raleway
%EndFont

%BeginFont
Handler:DirectoryHandler
FontType:TrueType
FontName:Raleway-Bold
FamilyName:Raleway
StyleName:Bold
FullName:Raleway Bold
MenuName:Raleway
StyleBits:2
WritingScript:Roman
OutlineFileName:C:\Users\Windows\Desktop\Dossier UGICT 6 BONNES RAISONS 20180807\Document fonts\Raleway-Bold_0.ttf
DataFormat:sfntData
hasSVG:no
VariableFontType:NonVariableFont
FileLength:179244
FileModTime:1346972400
WeightClass:700
WidthClass:5
AngleClass:0
NameArray:0,Mac,4,Raleway Bold
NameArray:0,Win,1,Raleway
%EndFont

%BeginFont
Handler:DirectoryHandler
FontType:TrueType
FontName:Raleway-Regular
FamilyName:Raleway
StyleName:Regular
FullName:Raleway
MenuName:Raleway
StyleBits:0
WritingScript:Roman
OutlineFileName:C:\Users\Windows\Desktop\Dossier UGICT 6 BONNES RAISONS 20180807\Document fonts\Raleway-Regular_1.ttf
DataFormat:sfntData
hasSVG:no
VariableFontType:NonVariableFont
FileLength:178520
FileModTime:1346972400
WeightClass:400
WidthClass:5
AngleClass:0
NameArray:0,Mac,4,Raleway
NameArray:0,Win,1,Raleway
%EndFont

