%!Adobe-FontList 1.19
%Locale:0x409

%BeginFont
Handler:DirectoryHandler
FontType:TrueType
FontName:Montserrat-Black
FamilyName:Montserrat
StyleName:Black
MenuName:Montserrat Black
StyleBits:0
WeightClass:900
WidthClass:5
AngleClass:0
FullName:Montserrat Black
WritingScript:Roman
OutlineFileName:\Montserrat-Black.ttf
DataFormat:sfntData
hasSVG:no
VariableFontType:NonVariableFont
FileLength:275192
FileModTime:1520706114
NameArray:0,Mac,4,Montserrat Black
NameArray:0,Win,1,Montserrat Black
NameArray:0,Win,16,Montserrat
%EndFont

%BeginFont
Handler:DirectoryHandler
FontType:TrueType
FontName:Raleway-Bold
FamilyName:Raleway
StyleName:Bold
MenuName:Raleway
StyleBits:2
WeightClass:700
WidthClass:5
AngleClass:0
FullName:Raleway Bold
WritingScript:Roman
OutlineFileName:\Raleway-Bold_0.ttf
DataFormat:sfntData
hasSVG:no
VariableFontType:NonVariableFont
FileLength:179244
FileModTime:1346979600
NameArray:0,Mac,4,Raleway Bold
NameArray:0,Win,1,Raleway
%EndFont

%BeginFont
Handler:DirectoryHandler
FontType:TrueType
FontName:Raleway-ExtraBold
FamilyName:Raleway
StyleName:ExtraBold
MenuName:Raleway ExtraBold
StyleBits:0
WeightClass:800
WidthClass:5
AngleClass:0
FullName:Raleway ExtraBold
WritingScript:Roman
OutlineFileName:\Raleway-ExtraBold_0.ttf
DataFormat:sfntData
hasSVG:no
VariableFontType:NonVariableFont
FileLength:178128
FileModTime:1346979600
NameArray:0,Mac,4,Raleway ExtraBold
NameArray:0,Win,1,Raleway ExtraBold
NameArray:0,Win,16,Raleway
%EndFont

%BeginFont
Handler:DirectoryHandler
FontType:TrueType
FontName:Raleway-Regular
FamilyName:Raleway
StyleName:Regular
MenuName:Raleway
StyleBits:0
WeightClass:400
WidthClass:5
AngleClass:0
FullName:Raleway
WritingScript:Roman
OutlineFileName:\Raleway-Regular_1.ttf
DataFormat:sfntData
hasSVG:no
VariableFontType:NonVariableFont
FileLength:178520
FileModTime:1346979600
NameArray:0,Mac,4,Raleway
NameArray:0,Win,1,Raleway
%EndFont

