%!Adobe-FontList 1.23
%Locale:0x409

%BeginFont
Handler:DirectoryHandler
FontType:Invalid
OutlineFileName:/Users/c.lente/Creative Cloud Files/2023_Encours/20230622-refonte-tracts-jevotecgt/modele4/Dossier modele4/Document fonts/AdobeFnt23.lst
FileLength:2238
FileModTime:714671222
%EndFont

%BeginFont
Handler:DirectoryHandler
FontType:TrueType
FontName:Barlow-Black
FamilyName:Barlow
StyleName:Black
MenuName:Barlow Black
StyleBits:0
WeightClass:900
WidthClass:5
AngleClass:0
FullName:Barlow Black
WritingScript:Roman
OutlineFileName:/Users/c.lente/Creative Cloud Files/2023_Encours/20230622-refonte-tracts-jevotecgt/modele4/Dossier modele4/Document fonts/Barlow-Black.ttf
DataFormat:sfntData
hasSVG:no
hasCOLR:no
VariableFontType:NonVariableFont
FileLength:105888
FileModTime:685517230
NameArray:0,Win,1,Barlow Black
NameArray:0,Win,16,Barlow
%EndFont

%BeginFont
Handler:DirectoryHandler
FontType:TrueType
FontName:Barlow-Bold
FamilyName:Barlow
StyleName:Bold
MenuName:Barlow
StyleBits:2
WeightClass:700
WidthClass:5
AngleClass:0
FullName:Barlow Bold
WritingScript:Roman
OutlineFileName:/Users/c.lente/Creative Cloud Files/2023_Encours/20230622-refonte-tracts-jevotecgt/modele4/Dossier modele4/Document fonts/Barlow-Bold.ttf
DataFormat:sfntData
hasSVG:no
hasCOLR:no
VariableFontType:NonVariableFont
FileLength:102940
FileModTime:685517230
NameArray:0,Win,1,Barlow
%EndFont

%BeginFont
Handler:DirectoryHandler
FontType:TrueType
FontName:Barlow-Regular
FamilyName:Barlow
StyleName:Regular
MenuName:Barlow
StyleBits:0
WeightClass:400
WidthClass:5
AngleClass:0
FullName:Barlow Regular
WritingScript:Roman
OutlineFileName:/Users/c.lente/Creative Cloud Files/2023_Encours/20230622-refonte-tracts-jevotecgt/modele4/Dossier modele4/Document fonts/Barlow-Regular.ttf
DataFormat:sfntData
hasSVG:no
hasCOLR:no
VariableFontType:NonVariableFont
FileLength:98812
FileModTime:685517230
NameArray:0,Win,1,Barlow
%EndFont

%BeginFont
Handler:DirectoryHandler
FontType:TrueType
FontName:Barlow-SemiBold
FamilyName:Barlow
StyleName:SemiBold
MenuName:Barlow SemiBold
StyleBits:0
WeightClass:600
WidthClass:5
AngleClass:0
FullName:Barlow SemiBold
WritingScript:Roman
OutlineFileName:/Users/c.lente/Creative Cloud Files/2023_Encours/20230622-refonte-tracts-jevotecgt/modele4/Dossier modele4/Document fonts/Barlow-SemiBold.ttf
DataFormat:sfntData
hasSVG:no
hasCOLR:no
VariableFontType:NonVariableFont
FileLength:103016
FileModTime:685517230
NameArray:0,Win,1,Barlow SemiBold
NameArray:0,Win,16,Barlow
%EndFont

